<?xml version="1.0" encoding="UTF-8"?>
<!-- Generated by org.testng.reporters.JUnitReportReporter -->
<testsuite hostname="5CG2075JCS" failures="0" tests="1" name="tests.MapSearch" time="128.894" errors="0" timestamp="11 Oct 2022 08:06:34 GMT" skipped="0">
  <testcase classname="tests.MapSearch" name="TestMapSearch" time="128.894"/>
</testsuite> <!-- tests.MapSearch -->
